0 info it worked if it ends with ok
1 verbose cli [ '/usr/local/bin/node',
1 verbose cli   '/usr/local/bin/npm',
1 verbose cli   'install',
1 verbose cli   '-g',
1 verbose cli   'tsc@2.3.4' ]
2 info using npm@4.1.2
3 info using node@v7.6.0
4 silly loadCurrentTree Starting
5 silly install loadCurrentTree
6 silly install readGlobalPackageData
7 silly fetchPackageMetaData tsc@2.3.4
8 silly fetchNamedPackageData tsc
9 silly mapToRegistry name tsc
10 silly mapToRegistry using default registry
11 silly mapToRegistry registry https://registry.npm.taobao.org/
12 silly mapToRegistry data Result {
12 silly mapToRegistry   raw: 'tsc',
12 silly mapToRegistry   scope: null,
12 silly mapToRegistry   escapedName: 'tsc',
12 silly mapToRegistry   name: 'tsc',
12 silly mapToRegistry   rawSpec: '',
12 silly mapToRegistry   spec: 'latest',
12 silly mapToRegistry   type: 'tag' }
13 silly mapToRegistry uri https://registry.npm.taobao.org/tsc
14 verbose request uri https://registry.npm.taobao.org/tsc
15 verbose request no auth needed
16 info attempt registry request try #1 at 08:03:08
17 verbose request id 84c750a4de457c9b
18 verbose etag "16cb-qqfykb4pWAiaH6sm1uNlshqPorM"
19 http request GET https://registry.npm.taobao.org/tsc
20 http 304 https://registry.npm.taobao.org/tsc
21 verbose headers { date: 'Fri, 23 Jun 2017 00:03:09 GMT',
21 verbose headers   connection: 'keep-alive',
21 verbose headers   'x-current-requests': '1',
21 verbose headers   etag: '"16cb-qqfykb4pWAiaH6sm1uNlshqPorM"',
21 verbose headers   'x-readtime': '16' }
22 silly get cb [ 304,
22 silly get   { date: 'Fri, 23 Jun 2017 00:03:09 GMT',
22 silly get     connection: 'keep-alive',
22 silly get     'x-current-requests': '1',
22 silly get     etag: '"16cb-qqfykb4pWAiaH6sm1uNlshqPorM"',
22 silly get     'x-readtime': '16' } ]
23 verbose etag https://registry.npm.taobao.org/tsc from cache
24 verbose get saving tsc to /Users/spursy/.npm/registry.npm.taobao.org/tsc/.cache.json
25 verbose correctMkdir /Users/spursy/.npm correctMkdir not in flight; initializing
26 silly pickManifestFromRegistryMetadata spec 2.3.4 tag latest versions [ '1.20150623.0', '1.20150622.0', '1.20150619.0', '1.0.0' ]
27 silly fetchNamedPackageData No valid target from cache, forcing network
28 verbose request uri https://registry.npm.taobao.org/tsc
29 verbose request no auth needed
30 info attempt registry request try #1 at 08:03:09
31 http request GET https://registry.npm.taobao.org/tsc
32 http 200 https://registry.npm.taobao.org/tsc
33 verbose headers { date: 'Fri, 23 Jun 2017 00:03:09 GMT',
33 verbose headers   'content-type': 'application/json; charset=utf-8',
33 verbose headers   'content-length': '5835',
33 verbose headers   connection: 'keep-alive',
33 verbose headers   'x-current-requests': '1',
33 verbose headers   etag: '"16cb-qqfykb4pWAiaH6sm1uNlshqPorM"',
33 verbose headers   'x-readtime': '17' }
34 silly get cb [ 200,
34 silly get   { date: 'Fri, 23 Jun 2017 00:03:09 GMT',
34 silly get     'content-type': 'application/json; charset=utf-8',
34 silly get     'content-length': '5835',
34 silly get     connection: 'keep-alive',
34 silly get     'x-current-requests': '1',
34 silly get     etag: '"16cb-qqfykb4pWAiaH6sm1uNlshqPorM"',
34 silly get     'x-readtime': '17' } ]
35 verbose get saving tsc to /Users/spursy/.npm/registry.npm.taobao.org/tsc/.cache.json
36 verbose correctMkdir /Users/spursy/.npm correctMkdir not in flight; initializing
37 silly pickManifestFromRegistryMetadata spec 2.3.4 tag latest versions [ '1.20150623.0', '1.20150622.0', '1.20150619.0', '1.0.0' ]
38 silly fetchPackageMetaData Error: No compatible version found: tsc@2.3.4
38 silly fetchPackageMetaData Valid install targets:
38 silly fetchPackageMetaData 1.20150623.0, 1.20150622.0, 1.20150619.0, 1.0.0
38 silly fetchPackageMetaData
38 silly fetchPackageMetaData     at pickVersionFromRegistryDocument (/usr/local/lib/node_modules/npm/lib/fetch-package-metadata.js:158:16)
38 silly fetchPackageMetaData     at /usr/local/lib/node_modules/npm/node_modules/iferr/index.js:13:50
38 silly fetchPackageMetaData     at /usr/local/lib/node_modules/npm/lib/utils/pulse-till-done.js:20:8
38 silly fetchPackageMetaData     at saved (/usr/local/lib/node_modules/npm/lib/cache/caching-client.js:174:7)
38 silly fetchPackageMetaData     at /usr/local/lib/node_modules/npm/node_modules/graceful-fs/polyfills.js:261:18
38 silly fetchPackageMetaData     at FSReqWrap.oncomplete (fs.js:114:15)
38 silly fetchPackageMetaData  error for tsc@2.3.4 { Error: No compatible version found: tsc@2.3.4
38 silly fetchPackageMetaData Valid install targets:
38 silly fetchPackageMetaData 1.20150623.0, 1.20150622.0, 1.20150619.0, 1.0.0
38 silly fetchPackageMetaData
38 silly fetchPackageMetaData     at pickVersionFromRegistryDocument (/usr/local/lib/node_modules/npm/lib/fetch-package-metadata.js:158:16)
38 silly fetchPackageMetaData     at /usr/local/lib/node_modules/npm/node_modules/iferr/index.js:13:50
38 silly fetchPackageMetaData     at /usr/local/lib/node_modules/npm/lib/utils/pulse-till-done.js:20:8
38 silly fetchPackageMetaData     at saved (/usr/local/lib/node_modules/npm/lib/cache/caching-client.js:174:7)
38 silly fetchPackageMetaData     at /usr/local/lib/node_modules/npm/node_modules/graceful-fs/polyfills.js:261:18
38 silly fetchPackageMetaData     at FSReqWrap.oncomplete (fs.js:114:15) code: 'ETARGET' }
39 silly rollbackFailedOptional Starting
40 verbose stack TypeError: Cannot read property 'path' of null
40 verbose stack     at Installer.rollbackFailedOptional (/usr/local/lib/node_modules/npm/lib/install.js:511:29)
40 verbose stack     at Array.<anonymous> (/usr/local/lib/node_modules/npm/node_modules/slide/lib/bind-actor.js:15:8)
40 verbose stack     at LOOP (/usr/local/lib/node_modules/npm/node_modules/slide/lib/chain.js:15:14)
40 verbose stack     at /usr/local/lib/node_modules/npm/node_modules/slide/lib/chain.js:18:7
40 verbose stack     at /usr/local/lib/node_modules/npm/lib/install.js:337:5
40 verbose stack     at Array.<anonymous> (/usr/local/lib/node_modules/npm/node_modules/slide/lib/bind-actor.js:15:8)
40 verbose stack     at LOOP (/usr/local/lib/node_modules/npm/node_modules/slide/lib/chain.js:15:14)
40 verbose stack     at chain (/usr/local/lib/node_modules/npm/node_modules/slide/lib/chain.js:20:5)
40 verbose stack     at /usr/local/lib/node_modules/npm/lib/install.js:294:5
40 verbose stack     at /usr/local/lib/node_modules/npm/node_modules/slide/lib/chain.js:16:22
41 verbose cwd /Users/spursy/Develop/nodejs/algorithm
42 error Darwin 15.6.0
43 error argv "/usr/local/bin/node" "/usr/local/bin/npm" "install" "-g" "tsc@2.3.4"
44 error node v7.6.0
45 error npm  v4.1.2
46 error Cannot read property 'path' of null
47 error If you need help, you may report this error at:
47 error     <https://github.com/npm/npm/issues>
48 verbose exit [ 1, true ]
